INFO: [HLS 200-10] Running 'C:/Xilinx/Vivado/2018.3/bin/unwrapped/win64.o/vivado_hls.exe'
INFO: [HLS 200-10] For user 'cleit' on host 'desktop-5mp17pp' (Windows NT_amd64 version 6.2) on Mon Aug 31 14:42:02 -0300 2020
INFO: [HLS 200-10] In directory 'C:/Users/cleit/Documents/GitHub/Simulador_FPGA_UERJ/CMF-2508/HLS-RL1'
INFO: [HLS 200-10] Opening project 'C:/Users/cleit/Documents/GitHub/Simulador_FPGA_UERJ/CMF-2508/HLS-RL1/CMFRL1'.
INFO: [HLS 200-10] Adding design file 'CMFRL1.h' to the project
INFO: [HLS 200-10] Adding design file 'CMFRL1.cpp' to the project
INFO: [HLS 200-10] Opening solution 'C:/Users/cleit/Documents/GitHub/Simulador_FPGA_UERJ/CMF-2508/HLS-RL1/CMFRL1/solution1'.
INFO: [SYN 201-201] Setting up clock 'default' with a period of 10ns.
INFO: [HLS 200-10] Setting target device to 'xa7a12tcsg325-1q'
INFO: [SCHED 204-61] Option 'relax_ii_for_timing' is enabled, will increase II to preserve clock frequency constraints.
INFO: [HLS 200-10] Analyzing design file 'CMFRL1.cpp' ... 
INFO: [HLS 200-111] Finished Linking Time (s): cpu = 00:00:01 ; elapsed = 00:00:46 . Memory (MB): peak = 102.254 ; gain = 17.230
INFO: [HLS 200-111] Finished Checking Pragmas Time (s): cpu = 00:00:01 ; elapsed = 00:00:46 . Memory (MB): peak = 102.254 ; gain = 17.230
INFO: [HLS 200-10] Starting code transformations ...
INFO: [HLS 200-111] Finished Standard Transforms Time (s): cpu = 00:00:01 ; elapsed = 00:00:54 . Memory (MB): peak = 138.746 ; gain = 53.723
INFO: [HLS 200-10] Checking synthesizability ...
INFO: [HLS 200-111] Finished Checking Synthesizability Time (s): cpu = 00:00:02 ; elapsed = 00:00:54 . Memory (MB): peak = 165.059 ; gain = 80.035
INFO: [HLS 200-111] Finished Pre-synthesis Time (s): cpu = 00:00:02 ; elapsed = 00:00:56 . Memory (MB): peak = 212.340 ; gain = 127.316
INFO: [HLS 200-111] Finished Architecture Synthesis Time (s): cpu = 00:00:03 ; elapsed = 00:00:57 . Memory (MB): peak = 219.770 ; gain = 134.746
INFO: [HLS 200-10] Starting hardware synthesis ...
INFO: [HLS 200-10] Synthesizing 'CMFRL1' ...
INFO: [HLS 200-10] ----------------------------------------------------------------
INFO: [HLS 200-42] -- Implementing module 'CMFRL1' 
INFO: [HLS 200-10] ----------------------------------------------------------------
INFO: [SCHED 204-11] Starting scheduling ...
INFO: [SCHED 204-11] Finished scheduling.
INFO: [HLS 200-111]  Elapsed time: 57.617 seconds; current allocated memory: 165.306 MB.
INFO: [BIND 205-100] Starting micro-architecture generation ...
INFO: [BIND 205-101] Performing variable lifetime analysis.
INFO: [BIND 205-101] Exploring resource sharing.
INFO: [BIND 205-101] Binding ...
INFO: [BIND 205-100] Finished micro-architecture generation.
INFO: [HLS 200-111]  Elapsed time: 0.379 seconds; current allocated memory: 165.432 MB.
INFO: [HLS 200-10] ----------------------------------------------------------------
INFO: [HLS 200-10] -- Generating RTL for module 'CMFRL1' 
INFO: [HLS 200-10] ----------------------------------------------------------------
INFO: [RTGEN 206-500] Setting interface mode on port 'CMFRL1/sinc_V' to 'ap_none'.
INFO: [RTGEN 206-500] Setting interface mode on port 'CMFRL1/i_RL' to 'ap_vld'.
INFO: [RTGEN 206-500] Setting interface mode on port 'CMFRL1/teste1' to 'ap_vld'.
INFO: [RTGEN 206-500] Setting interface mode on port 'CMFRL1/teste2_V' to 'ap_vld'.
INFO: [RTGEN 206-500] Setting interface mode on function 'CMFRL1' to 'ap_ctrl_hs'.
WARNING: [RTGEN 206-101] Register 'aux_sinc_V' is power-on initialization.
WARNING: [RTGEN 206-101] Register 'i_kp1' is power-on initialization.
WARNING: [RTGEN 206-101] Register 'i_k' is power-on initialization.
INFO: [SYN 201-210] Renamed object name 'CMFRL1_fadd_32ns_32ns_32_5_full_dsp_1' to 'CMFRL1_fadd_32ns_bkb' due to the length limit 20
INFO: [SYN 201-210] Renamed object name 'CMFRL1_fmul_32ns_32ns_32_4_max_dsp_1' to 'CMFRL1_fmul_32ns_cud' due to the length limit 20
INFO: [RTGEN 206-100] Generating core module 'CMFRL1_fadd_32ns_bkb': 1 instance(s).
INFO: [RTGEN 206-100] Generating core module 'CMFRL1_fmul_32ns_cud': 1 instance(s).
INFO: [RTGEN 206-100] Finished creating RTL model for 'CMFRL1'.
INFO: [HLS 200-111]  Elapsed time: 1.012 seconds; current allocated memory: 165.708 MB.
INFO: [HLS 200-111] Finished generating all RTL models Time (s): cpu = 00:00:04 ; elapsed = 00:01:02 . Memory (MB): peak = 219.770 ; gain = 134.746
INFO: [SYSC 207-301] Generating SystemC RTL for CMFRL1.
INFO: [VHDL 208-304] Generating VHDL RTL for CMFRL1.
INFO: [VLOG 209-307] Generating Verilog RTL for CMFRL1.
INFO: [HLS 200-112] Total elapsed time: 62.608 seconds; peak allocated memory: 165.708 MB.
