INFO: [VRFC 10-2263] Analyzing Verilog file "C:/Users/cleit/Documents/GitHub/Simulador_FPGA_UERJ/CMF-2508/project_cmf2508.ip_user_files/bd/design_RL1/ip/design_RL1_sim_clk_gen_0_0/sim/design_RL1_sim_clk_gen_0_0.v" into library xil_defaultlib
INFO: [VRFC 10-311] analyzing module design_RL1_sim_clk_gen_0_0
INFO: [VRFC 10-2263] Analyzing Verilog file "C:/Users/cleit/Documents/GitHub/Simulador_FPGA_UERJ/CMF-2508/project_cmf2508.ip_user_files/bd/design_RL1/ip/design_RL1_sim_clk_gen_0_1/sim/design_RL1_sim_clk_gen_0_1.v" into library xil_defaultlib
INFO: [VRFC 10-311] analyzing module design_RL1_sim_clk_gen_0_1
INFO: [VRFC 10-2263] Analyzing Verilog file "C:/Users/cleit/Documents/GitHub/Simulador_FPGA_UERJ/CMF-2508/project_cmf2508.ip_user_files/bd/design_RL1/ip/design_RL1_xlconstant_0_0/sim/design_RL1_xlconstant_0_0.v" into library xil_defaultlib
INFO: [VRFC 10-311] analyzing module design_RL1_xlconstant_0_0
INFO: [VRFC 10-2263] Analyzing Verilog file "C:/Users/cleit/Documents/GitHub/Simulador_FPGA_UERJ/CMF-2508/project_cmf2508.ip_user_files/bd/design_RL1/sim/design_RL1.v" into library xil_defaultlib
INFO: [VRFC 10-311] analyzing module design_RL1
INFO: [VRFC 10-2263] Analyzing Verilog file "C:/Users/cleit/Documents/GitHub/Simulador_FPGA_UERJ/CMF-2508/project_cmf2508.ip_user_files/bd/design_RL1/ipshared/ffb4/CMFRL1/solution1/impl/verilog/CMFRL1_fmul_32ns_cud.v" into library xil_defaultlib
INFO: [VRFC 10-311] analyzing module CMFRL1_fmul_32ns_cud
INFO: [VRFC 10-2263] Analyzing Verilog file "C:/Users/cleit/Documents/GitHub/Simulador_FPGA_UERJ/CMF-2508/project_cmf2508.ip_user_files/bd/design_RL1/ipshared/ffb4/CMFRL1/solution1/impl/verilog/CMFRL1_fadd_32ns_bkb.v" into library xil_defaultlib
INFO: [VRFC 10-311] analyzing module CMFRL1_fadd_32ns_bkb
INFO: [VRFC 10-2263] Analyzing Verilog file "C:/Users/cleit/Documents/GitHub/Simulador_FPGA_UERJ/CMF-2508/project_cmf2508.ip_user_files/bd/design_RL1/ipshared/ffb4/CMFRL1/solution1/impl/verilog/CMFRL1.v" into library xil_defaultlib
INFO: [VRFC 10-311] analyzing module CMFRL1
INFO: [VRFC 10-2263] Analyzing Verilog file "C:/Users/cleit/Documents/GitHub/Simulador_FPGA_UERJ/CMF-2508/project_cmf2508.ip_user_files/bd/design_RL1/ipshared/ffb4/CMFRL1/solution1/syn/verilog/CMFRL1_fadd_32ns_bkb.v" into library xil_defaultlib
INFO: [VRFC 10-311] analyzing module CMFRL1_fadd_32ns_bkb
WARNING: [VRFC 10-3609] overwriting previous definition of module 'CMFRL1_fadd_32ns_bkb' [C:/Users/cleit/Documents/GitHub/Simulador_FPGA_UERJ/CMF-2508/project_cmf2508.ip_user_files/bd/design_RL1/ipshared/ffb4/CMFRL1/solution1/syn/verilog/CMFRL1_fadd_32ns_bkb.v:11]
INFO: [VRFC 10-2263] Analyzing Verilog file "C:/Users/cleit/Documents/GitHub/Simulador_FPGA_UERJ/CMF-2508/project_cmf2508.srcs/sources_1/imports/hdl/design_RL1_wrapper.v" into library xil_defaultlib
INFO: [VRFC 10-311] analyzing module design_RL1_wrapper
INFO: [VRFC 10-163] Analyzing VHDL file "C:/Users/cleit/Documents/GitHub/Simulador_FPGA_UERJ/CMF-2508/project_cmf2508.ip_user_files/bd/design_RL1/ipshared/ffb4/CMFRL1/solution1/syn/vhdl/CMFRL1_fmul_32ns_cud.vhd" into library xil_defaultlib
INFO: [VRFC 10-3107] analyzing entity 'CMFRL1_fmul_32ns_cud'
INFO: [VRFC 10-163] Analyzing VHDL file "C:/Users/cleit/Documents/GitHub/Simulador_FPGA_UERJ/CMF-2508/project_cmf2508.ip_user_files/bd/design_RL1/ipshared/ffb4/CMFRL1/solution1/syn/vhdl/CMFRL1_fadd_32ns_bkb.vhd" into library xil_defaultlib
INFO: [VRFC 10-3107] analyzing entity 'CMFRL1_fadd_32ns_bkb'
INFO: [VRFC 10-163] Analyzing VHDL file "C:/Users/cleit/Documents/GitHub/Simulador_FPGA_UERJ/CMF-2508/project_cmf2508.ip_user_files/bd/design_RL1/ipshared/ffb4/CMFRL1/solution1/syn/vhdl/CMFRL1.vhd" into library xil_defaultlib
INFO: [VRFC 10-3107] analyzing entity 'CMFRL1'
INFO: [VRFC 10-163] Analyzing VHDL file "C:/Users/cleit/Documents/GitHub/Simulador_FPGA_UERJ/CMF-2508/project_cmf2508.ip_user_files/bd/design_RL1/ipshared/ffb4/CMFRL1/solution1/impl/vhdl/CMFRL1_fadd_32ns_bkb.vhd" into library xil_defaultlib
INFO: [VRFC 10-3107] analyzing entity 'CMFRL1_fadd_32ns_bkb'
INFO: [VRFC 10-163] Analyzing VHDL file "C:/Users/cleit/Documents/GitHub/Simulador_FPGA_UERJ/CMF-2508/project_cmf2508.ip_user_files/bd/design_RL1/ip/design_RL1_CMFRL1_0_1/sim/design_RL1_CMFRL1_0_1.vhd" into library xil_defaultlib
INFO: [VRFC 10-3107] analyzing entity 'design_RL1_CMFRL1_0_1'
