

================================================================
== Vivado HLS Report for 'CMFfixedop'
================================================================
* Date:           Thu Aug 13 17:51:38 2020

* Version:        2018.3 (Build 2405991 on Thu Dec 06 23:56:15 MST 2018)
* Project:        CMFfixedop
* Solution:       solution1
* Product family: aartix7
* Target device:  xa7a12tcsg325-1q


================================================================
== Performance Estimates
================================================================
+ Timing (ns): 
    * Summary: 
    +--------+-------+----------+------------+
    |  Clock | Target| Estimated| Uncertainty|
    +--------+-------+----------+------------+
    |ap_clk  |  10.00|     7.180|        1.25|
    +--------+-------+----------+------------+

+ Latency (clock cycles): 
    * Summary: 
    +-----+-----+-----+-----+---------+
    |  Latency  |  Interval | Pipeline|
    | min | max | min | max |   Type  |
    +-----+-----+-----+-----+---------+
    |    0|    0|    0|    0|   none  |
    +-----+-----+-----+-----+---------+

    + Detail: 
        * Instance: 
        N/A

        * Loop: 
        N/A



================================================================
== Utilization Estimates
================================================================
* Summary: 
+-----------------+---------+-------+-------+------+
|       Name      | BRAM_18K| DSP48E|   FF  |  LUT |
+-----------------+---------+-------+-------+------+
|DSP              |        -|      1|      -|     -|
|Expression       |        -|      -|      0|    25|
|FIFO             |        -|      -|      -|     -|
|Instance         |        -|      -|      -|     -|
|Memory           |        -|      -|      -|     -|
|Multiplexer      |        -|      -|      -|     -|
|Register         |        -|      -|      -|     -|
+-----------------+---------+-------+-------+------+
|Total            |        0|      1|      0|    25|
+-----------------+---------+-------+-------+------+
|Available        |       40|     40|  16000|  8000|
+-----------------+---------+-------+-------+------+
|Utilization (%)  |        0|      2|      0|  ~0  |
+-----------------+---------+-------+-------+------+

+ Detail: 
    * Instance: 
    N/A

    * DSP48: 
    +-------------------------+----------------------+-----------+
    |         Instance        |        Module        | Expression|
    +-------------------------+----------------------+-----------+
    |CMFfixedop_mul_mubkb_U1  |CMFfixedop_mul_mubkb  |  i0 * i1  |
    +-------------------------+----------------------+-----------+

    * Memory: 
    N/A

    * FIFO: 
    N/A

    * Expression: 
    +--------------+----------+-------+---+----+------------+------------+
    | Variable Name| Operation| DSP48E| FF| LUT| Bitwidth P0| Bitwidth P1|
    +--------------+----------+-------+---+----+------------+------------+
    |Saida1_V      |     +    |      0|  0|  25|          18|          18|
    +--------------+----------+-------+---+----+------------+------------+
    |Total         |          |      0|  0|  25|          18|          18|
    +--------------+----------+-------+---+----+------------+------------+

    * Multiplexer: 
    N/A

    * Register: 
    N/A



================================================================
== Interface
================================================================
* Summary: 
+-----------------+-----+-----+------------+--------------+--------------+
|    RTL Ports    | Dir | Bits|  Protocol  | Source Object|    C Type    |
+-----------------+-----+-----+------------+--------------+--------------+
|ap_start         |  in |    1| ap_ctrl_hs |  CMFfixedop  | return value |
|ap_done          | out |    1| ap_ctrl_hs |  CMFfixedop  | return value |
|ap_idle          | out |    1| ap_ctrl_hs |  CMFfixedop  | return value |
|ap_ready         | out |    1| ap_ctrl_hs |  CMFfixedop  | return value |
|Entrada1_V       |  in |   18|   ap_none  |  Entrada1_V  |    scalar    |
|Entrada2_V       |  in |   18|   ap_none  |  Entrada2_V  |    scalar    |
|Saida1_V         | out |   18|   ap_vld   |   Saida1_V   |    pointer   |
|Saida1_V_ap_vld  | out |    1|   ap_vld   |   Saida1_V   |    pointer   |
|Saida2_V         | out |   18|   ap_vld   |   Saida2_V   |    pointer   |
|Saida2_V_ap_vld  | out |    1|   ap_vld   |   Saida2_V   |    pointer   |
+-----------------+-----+-----+------------+--------------+--------------+

