==============================================================
File generated on Thu Aug 13 12:07:48 -0300 2020
Vivado(TM) HLS - High-Level Synthesis from C, C++ and SystemC v2018.3 (64-bit)
SW Build 2405991 on Thu Dec  6 23:38:27 MST 2018
IP Build 2404404 on Fri Dec  7 01:43:56 MST 2018
Copyright 1986-2018 Xilinx, Inc. All Rights Reserved.
==============================================================
INFO: [SYN 201-201] Setting up clock 'default' with a period of 10ns.
INFO: [HLS 200-10] Setting target device to 'xa7a12tcsg325-1q'
INFO: [SYN 201-201] Setting up clock 'default' with a period of 10ns.
INFO: [SCHED 204-61] Option 'relax_ii_for_timing' is enabled, will increase II to preserve clock frequency constraints.
INFO: [HLS 200-10] Analyzing design file 'CMFtestefixed.cpp' ... 
INFO: [HLS 200-111] Finished Linking Time (s): cpu = 00:00:00 ; elapsed = 00:00:39 . Memory (MB): peak = 101.945 ; gain = 16.445
INFO: [HLS 200-111] Finished Checking Pragmas Time (s): cpu = 00:00:00 ; elapsed = 00:00:39 . Memory (MB): peak = 101.945 ; gain = 16.445
INFO: [HLS 200-10] Starting code transformations ...
INFO: [HLS 200-111] Finished Standard Transforms Time (s): cpu = 00:00:01 ; elapsed = 00:00:52 . Memory (MB): peak = 104.086 ; gain = 18.586
INFO: [HLS 200-10] Checking synthesizability ...
INFO: [HLS 200-111] Finished Checking Synthesizability Time (s): cpu = 00:00:01 ; elapsed = 00:00:54 . Memory (MB): peak = 105.063 ; gain = 19.563
INFO: [HLS 200-111] Finished Pre-synthesis Time (s): cpu = 00:00:01 ; elapsed = 00:00:59 . Memory (MB): peak = 127.012 ; gain = 41.512
INFO: [HLS 200-111] Finished Architecture Synthesis Time (s): cpu = 00:00:01 ; elapsed = 00:01:00 . Memory (MB): peak = 127.012 ; gain = 41.512
INFO: [HLS 200-10] Starting hardware synthesis ...
INFO: [HLS 200-10] Synthesizing 'CMFtestefixed' ...
INFO: [HLS 200-10] ----------------------------------------------------------------
INFO: [HLS 200-42] -- Implementing module 'CMFtestefixed' 
INFO: [HLS 200-10] ----------------------------------------------------------------
INFO: [SCHED 204-11] Starting scheduling ...
INFO: [SCHED 204-11] Finished scheduling.
INFO: [HLS 200-111]  Elapsed time: 65.128 seconds; current allocated memory: 77.716 MB.
INFO: [BIND 205-100] Starting micro-architecture generation ...
INFO: [BIND 205-101] Performing variable lifetime analysis.
INFO: [BIND 205-101] Exploring resource sharing.
INFO: [BIND 205-101] Binding ...
INFO: [BIND 205-100] Finished micro-architecture generation.
INFO: [HLS 200-111]  Elapsed time: 0.956 seconds; current allocated memory: 77.761 MB.
INFO: [HLS 200-10] ----------------------------------------------------------------
INFO: [HLS 200-10] -- Generating RTL for module 'CMFtestefixed' 
INFO: [HLS 200-10] ----------------------------------------------------------------
INFO: [RTGEN 206-500] Setting interface mode on port 'CMFtestefixed/Entrada1_V' to 'ap_none'.
INFO: [RTGEN 206-500] Setting interface mode on port 'CMFtestefixed/Entrada2_V' to 'ap_none'.
INFO: [RTGEN 206-500] Setting interface mode on function 'CMFtestefixed' to 'ap_ctrl_hs'.
INFO: [RTGEN 206-100] Finished creating RTL model for 'CMFtestefixed'.
INFO: [HLS 200-111]  Elapsed time: 0.825 seconds; current allocated memory: 77.839 MB.
INFO: [HLS 200-111] Finished generating all RTL models Time (s): cpu = 00:00:02 ; elapsed = 00:01:11 . Memory (MB): peak = 127.012 ; gain = 41.512
INFO: [SYSC 207-301] Generating SystemC RTL for CMFtestefixed.
INFO: [VHDL 208-304] Generating VHDL RTL for CMFtestefixed.
INFO: [VLOG 209-307] Generating Verilog RTL for CMFtestefixed.
INFO: [HLS 200-112] Total elapsed time: 71.392 seconds; peak allocated memory: 77.839 MB.
