INFO: [HLS 200-10] Running 'C:/Xilinx/Vivado/2018.3/bin/unwrapped/win64.o/vivado_hls.exe'
INFO: [HLS 200-10] For user 'cleit' on host 'desktop-5mp17pp' (Windows NT_amd64 version 6.2) on Wed Aug 12 13:43:41 -0300 2020
INFO: [HLS 200-10] In directory 'C:/Users/cleit/Desktop/Teste-Simulador-Digital'
INFO: [HLS 200-10] Opening project 'C:/Users/cleit/Desktop/Teste-Simulador-Digital/Primeiro_teste_HLS'.
INFO: [HLS 200-10] Adding design file 'teste1008a.c' to the project
INFO: [HLS 200-10] Adding design file 'teste1008a.h' to the project
INFO: [HLS 200-10] Opening solution 'C:/Users/cleit/Desktop/Teste-Simulador-Digital/Primeiro_teste_HLS/solution1'.
INFO: [SYN 201-201] Setting up clock 'default' with a period of 10ns.
INFO: [HLS 200-10] Setting target device to 'xa7a12tcsg325-1q'
INFO: [SYN 201-201] Setting up clock 'default' with a period of 10ns.
INFO: [SCHED 204-61] Option 'relax_ii_for_timing' is enabled, will increase II to preserve clock frequency constraints.
INFO: [HLS 200-10] Analyzing design file 'teste1008a.c' ... 
INFO: [HLS 200-111] Finished Linking Time (s): cpu = 00:00:01 ; elapsed = 00:01:13 . Memory (MB): peak = 101.320 ; gain = 36.758
INFO: [HLS 200-111] Finished Checking Pragmas Time (s): cpu = 00:00:01 ; elapsed = 00:01:14 . Memory (MB): peak = 101.320 ; gain = 36.758
INFO: [HLS 200-10] Starting code transformations ...
INFO: [HLS 200-111] Finished Standard Transforms Time (s): cpu = 00:00:01 ; elapsed = 00:01:25 . Memory (MB): peak = 102.020 ; gain = 37.457
INFO: [HLS 200-10] Checking synthesizability ...
INFO: [HLS 200-111] Finished Checking Synthesizability Time (s): cpu = 00:00:01 ; elapsed = 00:01:26 . Memory (MB): peak = 102.273 ; gain = 37.711
INFO: [HLS 200-111] Finished Pre-synthesis Time (s): cpu = 00:00:01 ; elapsed = 00:01:27 . Memory (MB): peak = 122.629 ; gain = 58.066
INFO: [HLS 200-111] Finished Architecture Synthesis Time (s): cpu = 00:00:01 ; elapsed = 00:01:27 . Memory (MB): peak = 122.629 ; gain = 58.066
INFO: [HLS 200-10] Starting hardware synthesis ...
INFO: [HLS 200-10] Synthesizing 'teste1008a' ...
INFO: [HLS 200-10] ----------------------------------------------------------------
INFO: [HLS 200-42] -- Implementing module 'teste1008a' 
INFO: [HLS 200-10] ----------------------------------------------------------------
INFO: [SCHED 204-11] Starting scheduling ...
INFO: [SCHED 204-11] Finished scheduling.
INFO: [HLS 200-111]  Elapsed time: 88.124 seconds; current allocated memory: 73.953 MB.
INFO: [BIND 205-100] Starting micro-architecture generation ...
INFO: [BIND 205-101] Performing variable lifetime analysis.
INFO: [BIND 205-101] Exploring resource sharing.
INFO: [BIND 205-101] Binding ...
INFO: [BIND 205-100] Finished micro-architecture generation.
INFO: [HLS 200-111]  Elapsed time: 0.753 seconds; current allocated memory: 73.994 MB.
INFO: [HLS 200-10] ----------------------------------------------------------------
INFO: [HLS 200-10] -- Generating RTL for module 'teste1008a' 
INFO: [HLS 200-10] ----------------------------------------------------------------
INFO: [RTGEN 206-500] Setting interface mode on port 'teste1008a/entrada' to 'ap_none'.
INFO: [RTGEN 206-500] Setting interface mode on function 'teste1008a' to 'ap_ctrl_hs'.
INFO: [RTGEN 206-100] Finished creating RTL model for 'teste1008a'.
INFO: [HLS 200-111]  Elapsed time: 1.168 seconds; current allocated memory: 74.052 MB.
INFO: [HLS 200-111] Finished generating all RTL models Time (s): cpu = 00:00:02 ; elapsed = 00:01:37 . Memory (MB): peak = 122.629 ; gain = 58.066
INFO: [SYSC 207-301] Generating SystemC RTL for teste1008a.
INFO: [VHDL 208-304] Generating VHDL RTL for teste1008a.
INFO: [VLOG 209-307] Generating Verilog RTL for teste1008a.
INFO: [HLS 200-112] Total elapsed time: 97.208 seconds; peak allocated memory: 74.052 MB.
